[INFO] sucessfully added new member: fa24-cs425-8003:8080@1727715185
[INFO] sucessfully added new member: fa24-cs425-8002:8080@1727715186
[INFO] sucessfully added new member: fa24-cs425-8005:8080@1727715186
[INFO] sucessfully added new member: fa24-cs425-8004:8080@1727715186
[INFO] sucessfully added new member: fa24-cs425-8007:8080@1727715207
[INFO] sucessfully added new member: fa24-cs425-8010:8080@1727715207
[INFO] sucessfully added new member: fa24-cs425-8009:8080@1727715207
[INFO] sucessfully added new member: fa24-cs425-8006:8080@1727715207
[INFO] sucessfully added new member: fa24-cs425-8008:8080@1727715207
[ERROR] PING_ACK not recieved from, fa24-cs425-8010:8080@1727715207: marking FAILED
[GOSSIP] ADDING NEW MEMBER: fa24-cs425-8010:8080@1727715207
[WARNING] PING_ACK not recieved from, fa24-cs425-8008:8080@1727715207: marking SUSPECT 
[GOSSIP] mark fa24-cs425-8008:8080@1727715207 as ALIVE
[GOSSIP] mark fa24-cs425-8008:8080@1727715207 as ALIVE
[GOSSIP] mark fa24-cs425-8007:8080@1727715207 as ALIVE
[GOSSIP] mark fa24-cs425-8007:8080@1727715207 as ALIVE
[WARNING] PING_ACK not recieved from, fa24-cs425-8007:8080@1727715207: marking SUSPECT 
[GOSSIP] mark fa24-cs425-8007:8080@1727715207 as ALIVE
[GOSSIP] mark fa24-cs425-8007:8080@1727715207 as ALIVE
[GOSSIP] mark fa24-cs425-8007:8080@1727715207 as ALIVE
[ERROR] marking SUSPECT fa24-cs425-8008:8080@1727715207 as FAILED
[ERROR] marking SUSPECT fa24-cs425-8007:8080@1727715207 as FAILED
[INFO] sucessfully added new member: fa24-cs425-8010:8080@1727715351
[INFO] sucessfully added new member: fa24-cs425-8007:8080@1727715351
[INFO] sucessfully added new member: fa24-cs425-8009:8080@1727715351
[INFO] sucessfully added new member: fa24-cs425-8008:8080@1727715351
